x:\bureau\inf3610\inf3610-git\tp3\src\inf3610-lab3-at-ca\inf3610-lab3\debug\vc141.pdb
x:\bureau\inf3610\inf3610-git\tp3\src\inf3610-lab3-at-ca\inf3610-lab3\debug\cachemem.obj
x:\bureau\inf3610\inf3610-git\tp3\src\inf3610-lab3-at-ca\inf3610-lab3\debug\sobel.obj
x:\bureau\inf3610\inf3610-git\tp3\src\inf3610-lab3-at-ca\inf3610-lab3\debug\dataram.obj
x:\bureau\inf3610\inf3610-git\tp3\src\inf3610-lab3-at-ca\inf3610-lab3\debug\main.obj
x:\bureau\inf3610\inf3610-git\tp3\src\inf3610-lab3-at-ca\inf3610-lab3\debug\ram.obj
x:\bureau\inf3610\inf3610-git\tp3\src\inf3610-lab3-at-ca\inf3610-lab3\debug\reader.obj
x:\bureau\inf3610\inf3610-git\tp3\src\inf3610-lab3-at-ca\inf3610-lab3\debug\writer.obj
d:\gitkrakenprojects\inf3610\tp3\src\inf3610-lab3-at-ca\inf3610-lab3\debug\vc141.pdb
d:\gitkrakenprojects\inf3610\tp3\src\inf3610-lab3-at-ca\inf3610-lab3\debug\vc141.idb
d:\gitkrakenprojects\inf3610\tp3\src\inf3610-lab3-at-ca\inf3610-lab3\debug\assert.obj
d:\gitkrakenprojects\inf3610\tp3\src\inf3610-lab3-at-ca\inf3610-lab3\debug\cachemem.obj
d:\gitkrakenprojects\inf3610\tp3\src\inf3610-lab3-at-ca\inf3610-lab3\debug\sobel.obj
d:\gitkrakenprojects\inf3610\tp3\src\inf3610-lab3-at-ca\inf3610-lab3\debug\sobelv2.obj
d:\gitkrakenprojects\inf3610\tp3\src\inf3610-lab3-at-ca\inf3610-lab3\debug\dataram.obj
d:\gitkrakenprojects\inf3610\tp3\src\inf3610-lab3-at-ca\inf3610-lab3\debug\main.obj
d:\gitkrakenprojects\inf3610\tp3\src\inf3610-lab3-at-ca\inf3610-lab3\debug\ram.obj
d:\gitkrakenprojects\inf3610\tp3\src\inf3610-lab3-at-ca\inf3610-lab3\debug\reader.obj
d:\gitkrakenprojects\inf3610\tp3\src\inf3610-lab3-at-ca\inf3610-lab3\debug\writer.obj
x:\bureau\inf3610\inf3610-git\tp3\src\inf3610-lab3-at-ca\debug\inf3610-lab3-at-ca.pdb
d:\gitkrakenprojects\inf3610\tp3\src\inf3610-lab3-at-ca\debug\inf3610-lab3-at-ca.pdb
d:\gitkrakenprojects\inf3610\tp3\src\inf3610-lab3-at-ca\inf3610-lab3\debug\inf3610-.0c92e0b2.tlog\cl.command.1.tlog
d:\gitkrakenprojects\inf3610\tp3\src\inf3610-lab3-at-ca\inf3610-lab3\debug\inf3610-.0c92e0b2.tlog\cl.read.1.tlog
d:\gitkrakenprojects\inf3610\tp3\src\inf3610-lab3-at-ca\inf3610-lab3\debug\inf3610-.0c92e0b2.tlog\cl.write.1.tlog
d:\gitkrakenprojects\inf3610\tp3\src\inf3610-lab3-at-ca\inf3610-lab3\debug\inf3610-.0c92e0b2.tlog\link.command.1.tlog
d:\gitkrakenprojects\inf3610\tp3\src\inf3610-lab3-at-ca\inf3610-lab3\debug\inf3610-.0c92e0b2.tlog\link.read.1.tlog
d:\gitkrakenprojects\inf3610\tp3\src\inf3610-lab3-at-ca\inf3610-lab3\debug\inf3610-.0c92e0b2.tlog\link.write.1.tlog
