  sc_vector.cpp
  sc_utils_ids.cpp
  sc_string.cpp
  sc_stop_here.cpp
  sc_report_handler.cpp
  sc_report.cpp
  sc_pq.cpp
  sc_mempool.cpp
  sc_list.cpp
  sc_hash.cpp
  sc_wif_trace.cpp
  sc_vcd_trace.cpp
  sc_trace_file_base.cpp
  sc_trace.cpp
  sc_wait_cthread.cpp
  sc_wait.cpp
  sc_ver.cpp
  sc_time.cpp
  sc_thread_process.cpp
  sc_spawn_options.cpp
  Génération de code en cours...
  Compilation en cours...
  sc_simcontext.cpp
  sc_sensitive.cpp
  sc_reset.cpp
  sc_process.cpp
  sc_phase_callback_registry.cpp
  sc_object_manager.cpp
  sc_object.cpp
  sc_name_gen.cpp
  sc_module_registry.cpp
  sc_module_name.cpp
  sc_module.cpp
  sc_method_process.cpp
  sc_main_main.cpp
  sc_main.cpp
  sc_join.cpp
  sc_except.cpp
  sc_event.cpp
  sc_cthread_process.cpp
  sc_cor_fiber.cpp
  sc_attribute.cpp
  Génération de code en cours...
  Compilation en cours...
  sc_value_base.cpp
  sc_concatref.cpp
  sc_unsigned.cpp
  sc_uint_base.cpp
  sc_signed.cpp
  sc_nbutils.cpp
  sc_nbexterns.cpp
  sc_nbdefs.cpp
  sc_length_param.cpp
  sc_int_base.cpp
  sc_int64_mask.cpp
x:\bureau\inf3610\inf3610-git\tp3\src\systemc-2.3.1\src\sysc\datatypes\int\sc_int64_mask.cpp(4494): warning C4838: la conversion de '__int64' en 'const sc_dt::uint_type' requiert une conversion restrictive
  sc_int64_io.cpp
  sc_int32_mask.cpp
  sc_fxval_observer.cpp
  sc_fxval.cpp
  sc_fxtype_params.cpp
  sc_fxnum_observer.cpp
  sc_fxnum.cpp
  sc_fxdefs.cpp
  sc_fxcast_switch.cpp
  Génération de code en cours...
  Compilation en cours...
  scfx_utils.cpp
  scfx_rep.cpp
  scfx_pow10.cpp
  scfx_mant.cpp
  sc_lv_base.cpp
  sc_logic.cpp
  sc_bv_base.cpp
  sc_bit.cpp
  sc_signal_resolved_ports.cpp
  sc_signal_resolved.cpp
  sc_signal_ports.cpp
  sc_signal.cpp
  sc_semaphore.cpp
  sc_prim_channel.cpp
  sc_port.cpp
  sc_mutex.cpp
  sc_interface.cpp
  sc_export.cpp
  sc_event_queue.cpp
  sc_event_finder.cpp
  Génération de code en cours...
  Compilation en cours...
  sc_clock.cpp
  Génération de code en cours...
  SystemC.vcxproj -> X:\Bureau\INF3610\INF3610-git\TP3\src\systemc-2.3.1\msvc140\SystemC\Debug\SystemC.lib
